[----] Criterion v2.3.3
[====] Running 34 tests from sf_memsuite_grading:
[RUN ] sf_memsuite_grading::free_block_too_small
[PASS] sf_memsuite_grading::free_block_too_small: (0.00s)
[RUN ] sf_memsuite_grading::free_null
[FAIL] sf_memsuite_grading::free_null: (0.00s)
[RUN ] sf_memsuite_grading::free_prev_alloc
[PASS] sf_memsuite_grading::free_prev_alloc: (0.00s)
[RUN ] sf_memsuite_grading::free_unallocated
[PASS] sf_memsuite_grading::free_unallocated: (0.00s)
[RUN ] sf_memsuite_grading::initialization
[----] tests/__grading_helpers.c:100: Assertion failed: Free block at 0x55a21d005188 is not contained in the free list
[FAIL] sf_memsuite_grading::initialization: (0.00s)
[RUN ] sf_memsuite_grading::internal_fragmentation
[FAIL] sf_memsuite_grading::internal_fragmentation: Timed out. (5.00s)
[RUN ] sf_memsuite_grading::malloc_free_coalesce_both
[----] tests/__grading_helpers.c:137: Assertion failed: Block 0x55c08a66b1c8 has wrong block_size (got 208, expected 800)
[FAIL] sf_memsuite_grading::malloc_free_coalesce_both: (0.00s)
[RUN ] sf_memsuite_grading::malloc_free_coalesce_lower
[----] tests/__grading_helpers.c:137: Assertion failed: Block 0x55b578047298 has wrong block_size (got 272, expected 592)
[FAIL] sf_memsuite_grading::malloc_free_coalesce_lower: (0.00s)
[RUN ] sf_memsuite_grading::malloc_free_coalesce_upper
[----] tests/__grading_helpers.c:86: Assertion failed: Prev allocated bit is not correctly set for 0x5563408564e8. Should be: 0
[FAIL] sf_memsuite_grading::malloc_free_coalesce_upper: (0.00s)
[RUN ] sf_memsuite_grading::malloc_free_first_block
[----] tests/__grading_helpers.c:86: Assertion failed: Prev allocated bit is not correctly set for 0x55fcbe7a3298. Should be: 0
[FAIL] sf_memsuite_grading::malloc_free_first_block: (0.00s)
[RUN ] sf_memsuite_grading::malloc_free_last_block
[FAIL] sf_memsuite_grading::malloc_free_last_block: Timed out. (5.00s)
[RUN ] sf_memsuite_grading::malloc_free_lifo
[FAIL] sf_memsuite_grading::malloc_free_lifo: Timed out. (5.00s)
[RUN ] sf_memsuite_grading::malloc_free_no_coalesce
[----] tests/__grading_helpers.c:133: Assertion failed: Block 0x55d464920208 has wrong allocation status (got 0, expected 1)
[FAIL] sf_memsuite_grading::malloc_free_no_coalesce: (0.00s)
[RUN ] sf_memsuite_grading::malloc_to_exhaustion
[----] tests/grading_tests_p1.c:325: Unexpected signal caught below this line!
[FAIL] sf_memsuite_grading::malloc_to_exhaustion: CRASH!
[RUN ] sf_memsuite_grading::malloc_with_splinter
[----] tests/__grading_helpers.c:137: Assertion failed: Block 0x55b98b5ea1c8 has wrong block_size (got 960, expected 976)
[FAIL] sf_memsuite_grading::malloc_with_splinter: (0.00s)
[RUN ] sf_memsuite_grading::multiple_quick_lists
[----] tests/__grading_helpers.c:203: Assertion failed: Wrong number of quick list blocks (exp=5, found=2)
[FAIL] sf_memsuite_grading::multiple_quick_lists: (0.00s)
[RUN ] sf_memsuite_grading::non_abort_test
[PASS] sf_memsuite_grading::non_abort_test: (0.00s)
[RUN ] sf_memsuite_grading::peak_utilization
[----] tests/grading_tests_p2.c:287: Assertion failed: peak utilization_1 did not match (exp=0.791016, found=0.395508)
[FAIL] sf_memsuite_grading::peak_utilization: (0.00s)
[RUN ] sf_memsuite_grading::quick_list_flush
[----] tests/__grading_helpers.c:203: Assertion failed: Wrong number of quick list blocks (exp=1, found=5)
[FAIL] sf_memsuite_grading::quick_list_flush: (0.00s)
[RUN ] sf_memsuite_grading::realloc_internal_fragmentation
[FAIL] sf_memsuite_grading::realloc_internal_fragmentation: Timed out. (5.00s)
[RUN ] sf_memsuite_grading::realloc_larger
[----] tests/__grading_helpers.c:133: Assertion failed: Block 0x5655437d3228 has wrong allocation status (got 0, expected 1)
[FAIL] sf_memsuite_grading::realloc_larger: (0.00s)
[RUN ] sf_memsuite_grading::realloc_same
[----] tests/__grading_helpers.c:181: Assertion failed: Wrong number of free blocks of size 448 (exp=1, found=0)
[FAIL] sf_memsuite_grading::realloc_same: (0.00s)
[RUN ] sf_memsuite_grading::realloc_size_0
[----] tests/grading_tests_p2.c:126: Unexpected signal caught below this line!
[FAIL] sf_memsuite_grading::realloc_size_0: CRASH!
[RUN ] sf_memsuite_grading::realloc_smaller
[----] tests/__grading_helpers.c:181: Assertion failed: Wrong number of free blocks of size 768 (exp=1, found=0)
[FAIL] sf_memsuite_grading::realloc_smaller: (0.00s)
[RUN ] sf_memsuite_grading::realloc_splinter
[----] tests/__grading_helpers.c:137: Assertion failed: Block 0x556ca44df168 has wrong block_size (got 512, expected 528)
[FAIL] sf_memsuite_grading::realloc_splinter: (0.00s)
[RUN ] sf_memsuite_grading::simple_quick_list
[----] tests/__grading_helpers.c:203: Assertion failed: Wrong number of quick list blocks (exp=1, found=0)
[FAIL] sf_memsuite_grading::simple_quick_list: (0.00s)
[RUN ] sf_memsuite_grading::single_malloc_1
[----] tests/__grading_helpers.c:100: Assertion failed: Free block at 0x55afd050d188 is not contained in the free list
[FAIL] sf_memsuite_grading::single_malloc_1: (0.00s)
[RUN ] sf_memsuite_grading::single_malloc_16
[----] tests/__grading_helpers.c:100: Assertion failed: Free block at 0x55dc96d1e188 is not contained in the free list
[FAIL] sf_memsuite_grading::single_malloc_16: (0.00s)
[RUN ] sf_memsuite_grading::single_malloc_32
[----] tests/__grading_helpers.c:100: Assertion failed: Free block at 0x55ce24d37198 is not contained in the free list
[FAIL] sf_memsuite_grading::single_malloc_32: (0.00s)
[RUN ] sf_memsuite_grading::single_malloc_exactly_one_page_needed
[FAIL] sf_memsuite_grading::single_malloc_exactly_one_page_needed: Timed out. (5.00s)
[RUN ] sf_memsuite_grading::single_malloc_max
[----] tests/__grading_helpers.c:100: Assertion failed: Free block at 0x5562d1eaf168 is not contained in the free list
[FAIL] sf_memsuite_grading::single_malloc_max: (0.00s)
[RUN ] sf_memsuite_grading::single_malloc_more_than_one_page_needed
[FAIL] sf_memsuite_grading::single_malloc_more_than_one_page_needed: Timed out. (5.00s)
[RUN ] sf_memsuite_grading::single_malloc_three_pages_needed
[----] tests/grading_tests_p1.c:86: Unexpected signal caught below this line!
[FAIL] sf_memsuite_grading::single_malloc_three_pages_needed: CRASH!
[RUN ] sf_memsuite_grading::stress_test
[----] tests/grading_tests_p2.c:196: Unexpected signal caught below this line!
[FAIL] sf_memsuite_grading::stress_test: CRASH!
[====] Running 10 tests from sfmm_basecode_suite:
[RUN ] sfmm_basecode_suite::free_coalesce
[PASS] sfmm_basecode_suite::free_coalesce: (0.00s)
[RUN ] sfmm_basecode_suite::free_no_coalesce
[PASS] sfmm_basecode_suite::free_no_coalesce: (0.00s)
[RUN ] sfmm_basecode_suite::free_quick
[PASS] sfmm_basecode_suite::free_quick: (0.00s)
[RUN ] sfmm_basecode_suite::freelist
[----] tests/sfmm_tests.c:179: Assertion failed: Wrong first block in free list 3: (found=0x561fdb549ec8, exp=0x561fdc901318)
[FAIL] sfmm_basecode_suite::freelist: (0.00s)
[RUN ] sfmm_basecode_suite::malloc_an_int
[PASS] sfmm_basecode_suite::malloc_an_int: (0.00s)
[RUN ] sfmm_basecode_suite::malloc_four_pages
[PASS] sfmm_basecode_suite::malloc_four_pages: (0.00s)
[RUN ] sfmm_basecode_suite::malloc_too_large
[PASS] sfmm_basecode_suite::malloc_too_large: (0.00s)
[RUN ] sfmm_basecode_suite::realloc_larger_block
[----] tests/sfmm_tests.c:193: Assertion failed: Realloc'ed block size (1218640032) not what was expected (96)!
[FAIL] sfmm_basecode_suite::realloc_larger_block: (0.00s)
[RUN ] sfmm_basecode_suite::realloc_smaller_block_free_block
[PASS] sfmm_basecode_suite::realloc_smaller_block_free_block: (0.00s)
[RUN ] sfmm_basecode_suite::realloc_smaller_block_splinter
[PASS] sfmm_basecode_suite::realloc_smaller_block_splinter: (0.00s)
[----] Writing xml report in `crit.xml`.
[====] Synthesis: Tested: 44 | Passing: 12 | Failing: 32 | Crashing: 4 
